{
  "RSpec": {
    "coverage": {
      "/home/triqueneaux/THP/jour26/TheGossipProject/spec/controllers/gossips_controller_spec.rb": [
        1,
        null,
        1,
        null,
        null
      ],
      "/home/triqueneaux/THP/jour26/TheGossipProject/spec/rails_helper.rb": [
        null,
        1,
        1,
        1,
        null,
        1,
        1,
        null,
        null,
        null,
        null,
        null,
        null,
        null,
        null,
        null,
        null,
        null,
        null,
        null,
        null,
        null,
        null,
        null,
        null,
        null,
        1,
        null,
        1,
        1,
        null,
        1,
        1,
        1,
        null,
        null,
        1,
        null,
        null,
        null,
        null,
        null,
        null,
        null,
        null,
        null,
        null,
        null,
        null,
        null,
        null,
        1,
        null,
        null,
        1,
        null,
        null,
        null
      ],
      "/home/triqueneaux/THP/jour26/TheGossipProject/app/controllers/gossips_controller.rb": [
        1,
        1,
        2,
        2,
        null,
        0,
        0,
        null,
        null,
        null,
        1,
        0,
        0,
        null,
        0,
        0,
        null,
        null,
        null,
        1,
        0,
        0,
        0,
        0,
        0,
        0,
        0,
        null,
        0,
        0,
        null,
        null,
        null,
        1,
        0,
        0,
        0,
        0,
        0,
        null,
        0,
        0,
        null,
        null,
        null,
        1,
        1,
        0,
        null,
        null
      ],
      "/home/triqueneaux/THP/jour26/TheGossipProject/app/controllers/application_controller.rb": [
        1,
        1,
        null,
        1,
        null,
        1,
        2,
        null,
        null
      ],
      "/home/triqueneaux/THP/jour26/TheGossipProject/spec/controllers/home_controller_spec.rb": [
        1,
        null,
        1,
        null,
        null
      ],
      "/home/triqueneaux/THP/jour26/TheGossipProject/app/controllers/home_controller.rb": [
        1,
        1,
        3,
        2,
        null,
        null,
        null
      ],
      "/home/triqueneaux/THP/jour26/TheGossipProject/spec/features/homes_spec.rb": [
        1,
        1,
        null,
        1,
        1,
        1,
        1,
        1,
        null,
        null,
        1,
        1,
        null,
        1,
        1,
        1,
        1,
        1,
        1,
        null,
        1,
        1,
        null,
        null,
        null
      ],
      "/home/triqueneaux/THP/jour26/TheGossipProject/spec/helpers/gossips_helper_spec.rb": [
        1,
        null,
        null,
        null,
        null,
        null,
        null,
        null,
        null,
        null,
        null,
        null,
        1,
        null,
        null
      ],
      "/home/triqueneaux/THP/jour26/TheGossipProject/spec/helpers/home_helper_spec.rb": [
        1,
        null,
        null,
        null,
        null,
        null,
        null,
        null,
        null,
        null,
        null,
        null,
        1,
        null,
        null
      ],
      "/home/triqueneaux/THP/jour26/TheGossipProject/spec/models/gossip_spec.rb": [
        1,
        null,
        1,
        null,
        null
      ],
      "/home/triqueneaux/THP/jour26/TheGossipProject/app/models/gossip.rb": [
        1,
        1,
        null
      ],
      "/home/triqueneaux/THP/jour26/TheGossipProject/spec/models/moussaillon_spec.rb": [
        1,
        null,
        1,
        1,
        1,
        1,
        1,
        null,
        null,
        1,
        1,
        1,
        null,
        null,
        null
      ],
      "/home/triqueneaux/THP/jour26/TheGossipProject/spec/views/gossips/new.html.erb_spec.rb": [
        1,
        null,
        1,
        null,
        null
      ],
      "/home/triqueneaux/THP/jour26/TheGossipProject/spec/views/home/index.html.erb_spec.rb": [
        1,
        null,
        1,
        null,
        null
      ]
    },
    "timestamp": 1518561689
  }
}
