{
  "RSpec": {
    "coverage": {
      "/home/triqueneaux/THP/jour26/TheGossipProject/spec/controllers/gossips_controller_spec.rb": [
        1,
        null,
        1,
        null,
        null,
        null,
        null
      ],
      "/home/triqueneaux/THP/jour26/TheGossipProject/spec/rails_helper.rb": [
        null,
        1,
        1,
        1,
        null,
        1,
        1,
        null,
        null,
        null,
        null,
        null,
        null,
        null,
        null,
        null,
        null,
        null,
        null,
        null,
        null,
        null,
        null,
        null,
        null,
        null,
        1,
        null,
        1,
        1,
        null,
        1,
        1,
        1,
        null,
        null,
        1,
        null,
        null,
        null,
        null,
        null,
        null,
        null,
        null,
        null,
        null,
        null,
        null,
        null,
        null,
        1,
        null,
        null,
        1,
        null,
        null,
        null
      ],
      "/home/triqueneaux/THP/jour26/TheGossipProject/config/environment.rb": [
        null,
        1,
        null,
        null,
        1
      ],
      "/home/triqueneaux/THP/jour26/TheGossipProject/config/application.rb": [
        1,
        null,
        1,
        null,
        null,
        null,
        1,
        null,
        1,
        1,
        null,
        1,
        null,
        null,
        null,
        null,
        null,
        null
      ],
      "/home/triqueneaux/THP/jour26/TheGossipProject/config/boot.rb": [
        1,
        null,
        1
      ],
      "/home/triqueneaux/THP/jour26/TheGossipProject/config/environments/test.rb": [
        1,
        null,
        null,
        null,
        null,
        null,
        null,
        1,
        null,
        null,
        null,
        null,
        1,
        null,
        null,
        1,
        1,
        null,
        null,
        null,
        null,
        1,
        1,
        null,
        null,
        1,
        null,
        null,
        1,
        1,
        null,
        null,
        null,
        null,
        1,
        null,
        null,
        1,
        null,
        null,
        null,
        null
      ],
      "/home/triqueneaux/THP/jour26/TheGossipProject/config/initializers/application_controller_renderer.rb": [
        null,
        null,
        null,
        null,
        null,
        null,
        null,
        null
      ],
      "/home/triqueneaux/THP/jour26/TheGossipProject/config/initializers/assets.rb": [
        null,
        null,
        null,
        1,
        null,
        null,
        null,
        null,
        1,
        null,
        null,
        null,
        null,
        null
      ],
      "/home/triqueneaux/THP/jour26/TheGossipProject/config/initializers/backtrace_silencers.rb": [
        null,
        null,
        null,
        null,
        null,
        null,
        null
      ],
      "/home/triqueneaux/THP/jour26/TheGossipProject/config/initializers/cookies_serializer.rb": [
        null,
        null,
        null,
        null,
        1
      ],
      "/home/triqueneaux/THP/jour26/TheGossipProject/config/initializers/devise.rb": [
        null,
        null,
        null,
        null,
        1,
        null,
        null,
        null,
        null,
        null,
        null,
        null,
        null,
        null,
        null,
        null,
        1,
        null,
        null,
        null,
        null,
        null,
        null,
        null,
        null,
        null,
        null,
        null,
        1,
        null,
        null,
        null,
        null,
        null,
        null,
        null,
        null,
        null,
        null,
        null,
        null,
        null,
        null,
        null,
        null,
        null,
        null,
        null,
        null,
        null,
        1,
        null,
        null,
        null,
        null,
        1,
        null,
        null,
        null,
        null,
        null,
        null,
        null,
        null,
        null,
        null,
        null,
        null,
        null,
        null,
        null,
        null,
        null,
        null,
        null,
        null,
        null,
        null,
        null,
        null,
        null,
        null,
        null,
        null,
        null,
        null,
        1,
        null,
        null,
        null,
        null,
        null,
        null,
        null,
        null,
        null,
        null,
        null,
        null,
        null,
        null,
        null,
        null,
        null,
        null,
        null,
        null,
        null,
        null,
        1,
        null,
        null,
        null,
        null,
        null,
        null,
        null,
        null,
        null,
        null,
        null,
        null,
        null,
        null,
        null,
        null,
        null,
        null,
        null,
        null,
        null,
        null,
        null,
        null,
        null,
        null,
        null,
        null,
        null,
        null,
        1,
        null,
        null,
        null,
        null,
        null,
        null,
        null,
        null,
        null,
        1,
        null,
        null,
        null,
        null,
        null,
        null,
        null,
        null,
        null,
        null,
        1,
        null,
        null,
        null,
        null,
        1,
        null,
        null,
        null,
        null,
        null,
        null,
        null,
        null,
        null,
        null,
        null,
        null,
        null,
        null,
        null,
        null,
        null,
        null,
        null,
        null,
        null,
        null,
        null,
        null,
        null,
        null,
        null,
        null,
        null,
        null,
        null,
        null,
        null,
        null,
        null,
        null,
        null,
        null,
        null,
        null,
        1,
        null,
        null,
        null,
        null,
        null,
        null,
        null,
        null,
        null,
        null,
        null,
        null,
        null,
        null,
        null,
        null,
        null,
        null,
        null,
        null,
        null,
        null,
        null,
        null,
        null,
        null,
        null,
        null,
        null,
        null,
        null,
        null,
        null,
        null,
        null,
        null,
        null,
        null,
        null,
        null,
        null,
        1,
        null,
        null,
        null,
        null,
        null,
        null,
        null,
        null,
        null,
        null,
        null,
        null,
        null,
        null,
        null,
        null,
        null,
        null,
        null,
        null,
        null,
        null,
        null,
        null,
        null,
        null,
        null,
        null,
        null
      ],
      "/home/triqueneaux/THP/jour26/TheGossipProject/config/initializers/filter_parameter_logging.rb": [
        null,
        null,
        null,
        1
      ],
      "/home/triqueneaux/THP/jour26/TheGossipProject/config/initializers/inflections.rb": [
        null,
        null,
        null,
        null,
        null,
        null,
        null,
        null,
        null,
        null,
        null,
        null,
        null,
        null,
        null,
        null
      ],
      "/home/triqueneaux/THP/jour26/TheGossipProject/config/initializers/mime_types.rb": [
        null,
        null,
        null,
        null
      ],
      "/home/triqueneaux/THP/jour26/TheGossipProject/config/initializers/wrap_parameters.rb": [
        null,
        null,
        null,
        null,
        null,
        null,
        1,
        2,
        null,
        null,
        null,
        null,
        null,
        null
      ],
      "/home/triqueneaux/THP/jour26/TheGossipProject/spec/factories/gossips.rb": [
        1,
        1,
        1,
        null,
        null
      ],
      "/home/triqueneaux/THP/jour26/TheGossipProject/spec/factories/moussaillons.rb": [
        1,
        1,
        1,
        1,
        1,
        1,
        null,
        1,
        1,
        null,
        null,
        null
      ],
      "/home/triqueneaux/THP/jour26/TheGossipProject/config/routes.rb": [
        1,
        1,
        1,
        1,
        null,
        null
      ],
      "/home/triqueneaux/THP/jour26/TheGossipProject/app/models/moussaillon.rb": [
        1,
        1,
        1,
        1,
        null,
        null,
        null,
        null,
        null,
        null,
        1,
        null,
        null
      ],
      "/home/triqueneaux/THP/jour26/TheGossipProject/app/models/application_record.rb": [
        1,
        1,
        null
      ],
      "/home/triqueneaux/THP/jour26/TheGossipProject/app/helpers/application_helper.rb": [
        1,
        null,
        null,
        1,
        0,
        0,
        0,
        null,
        0,
        null,
        null,
        null,
        null
      ],
      "/home/triqueneaux/THP/jour26/TheGossipProject/app/helpers/gossips_helper.rb": [
        1,
        null
      ],
      "/home/triqueneaux/THP/jour26/TheGossipProject/app/helpers/home_helper.rb": [
        1,
        null
      ],
      "/home/triqueneaux/THP/jour26/TheGossipProject/app/controllers/gossips_controller.rb": [
        1,
        1,
        0,
        0,
        null,
        0,
        0,
        null,
        null,
        null,
        1,
        0,
        0,
        null,
        0,
        0,
        null,
        null,
        null,
        1,
        0,
        0,
        0,
        0,
        0,
        0,
        0,
        null,
        0,
        0,
        null,
        null,
        null,
        1,
        0,
        0,
        0,
        0,
        0,
        null,
        0,
        0,
        null,
        null,
        null,
        1,
        1,
        0,
        null,
        null
      ],
      "/home/triqueneaux/THP/jour26/TheGossipProject/app/controllers/application_controller.rb": [
        1,
        1,
        null,
        1,
        null,
        1,
        0,
        null,
        null
      ],
      "/home/triqueneaux/THP/jour26/TheGossipProject/spec/controllers/home_controller_spec.rb": [
        1,
        null,
        1,
        null,
        null,
        null,
        null
      ],
      "/home/triqueneaux/THP/jour26/TheGossipProject/app/controllers/home_controller.rb": [
        1,
        1,
        0,
        0,
        null,
        null,
        null
      ],
      "/home/triqueneaux/THP/jour26/TheGossipProject/spec/helpers/gossips_helper_spec.rb": [
        1,
        null,
        null,
        null,
        null,
        null,
        null,
        null,
        null,
        null,
        null,
        null,
        1,
        null,
        null
      ],
      "/home/triqueneaux/THP/jour26/TheGossipProject/spec/helpers/home_helper_spec.rb": [
        1,
        null,
        null,
        null,
        null,
        null,
        null,
        null,
        null,
        null,
        null,
        null,
        1,
        null,
        null
      ],
      "/home/triqueneaux/THP/jour26/TheGossipProject/spec/models/gossip_spec.rb": [
        1,
        null,
        1,
        null,
        null
      ],
      "/home/triqueneaux/THP/jour26/TheGossipProject/app/models/gossip.rb": [
        1,
        1,
        null
      ],
      "/home/triqueneaux/THP/jour26/TheGossipProject/spec/models/moussaillon_spec.rb": [
        1,
        null,
        1,
        1,
        1,
        1,
        1,
        null,
        null,
        1,
        1,
        1,
        null,
        null,
        null
      ],
      "/home/triqueneaux/THP/jour26/TheGossipProject/spec/views/gossips/new.html.erb_spec.rb": [
        1,
        null,
        1,
        null,
        null
      ],
      "/home/triqueneaux/THP/jour26/TheGossipProject/spec/views/home/index.html.erb_spec.rb": [
        1,
        null,
        1,
        null,
        null
      ]
    },
    "timestamp": 1518539273
  }
}
